Android Studio/app/build/intermediates/manifest_merge_blame_file/debug/manifest-merger-blame-debug-report.txt
1<?xml version="1.0" encoding="utf-8"?>
2<manifest xmlns:android="http://schemas.android.com/apk/res/android"
3    xmlns:dist="http://schemas.android.com/apk/distribution"
4    package="com.tflite.DeteksipenyakittanamanMn"
5    android:versionCode="2"
6    android:versionName="2.0" >
7
8    <uses-sdk
9        android:minSdkVersion="24"
10        android:targetSdkVersion="34" />
11
12    <dist:module dist:instant="true" />
12-->src\main\AndroidManifest.xml:6:5-39
12-->src\main\AndroidManifest.xml:6:18-37
13
14    <uses-permission android:name="android.permission.CAMERA" />
14-->src\main\AndroidManifest.xml:8:5-65
14-->src\main\AndroidManifest.xml:8:22-62
15    <uses-permission
15-->src\main\AndroidManifest.xml:9:5-10:38
16        android:name="android.permission.WRITE_EXTERNAL_STORAGE"
16-->src\main\AndroidManifest.xml:9:22-78
17        android:maxSdkVersion="32" />
17-->src\main\AndroidManifest.xml:10:9-35
18    <uses-permission
18-->src\main\AndroidManifest.xml:11:5-12:38
19        android:name="android.permission.READ_EXTERNAL_STORAGE"
19-->src\main\AndroidManifest.xml:11:22-77
20        android:maxSdkVersion="32" />
20-->src\main\AndroidManifest.xml:12:9-35
21
22    <uses-feature android:name="android.hardware.camera" />
22-->src\main\AndroidManifest.xml:13:5-60
22-->src\main\AndroidManifest.xml:13:19-57
23    <uses-feature android:name="android.hardware.camera.autofocus" />
23-->src\main\AndroidManifest.xml:14:5-70
23-->src\main\AndroidManifest.xml:14:19-67
24
25    <!-- <uses-feature android:name="android.hardware.camera.flash" /> -->
26    <uses-permission android:name="android.permission.FLASHLIGHT" />
26-->src\main\AndroidManifest.xml:18:5-68
26-->src\main\AndroidManifest.xml:18:22-66
27    <uses-permission android:name="android.permission.RECORD_AUDIO" />
27-->[dev.priyankvasa.android:cameraview-ex:3.5.7-alpha] AndroidManifest.xml:22:5-71
27-->[dev.priyankvasa.android:cameraview-ex:3.5.7-alpha] AndroidManifest.xml:22:22-68
28
29    <uses-feature
29-->[dev.priyankvasa.android:cameraview-ex:3.5.7-alpha] AndroidManifest.xml:30:5-32:36
30        android:name="android.hardware.camera2"
30-->[dev.priyankvasa.android:cameraview-ex:3.5.7-alpha] AndroidManifest.xml:31:9-48
31        android:required="false" />
31-->[dev.priyankvasa.android:cameraview-ex:3.5.7-alpha] AndroidManifest.xml:32:9-33
32
33    <permission
33-->[androidx.core:core:1.13.1] AndroidManifest.xml:22:5-24:47
34        android:name="com.tflite.DeteksipenyakittanamanMn.DYNAMIC_RECEIVER_NOT_EXPORTED_PERMISSION"
34-->[androidx.core:core:1.13.1] AndroidManifest.xml:23:9-81
35        android:protectionLevel="signature" />
35-->[androidx.core:core:1.13.1] AndroidManifest.xml:24:9-44
36
37    <uses-permission android:name="com.tflite.DeteksipenyakittanamanMn.DYNAMIC_RECEIVER_NOT_EXPORTED_PERMISSION" />
37-->[androidx.core:core:1.13.1] AndroidManifest.xml:26:5-97
37-->[androidx.core:core:1.13.1] AndroidManifest.xml:26:22-94
38
39    <application
39-->src\main\AndroidManifest.xml:20:5-55:19
40        android:allowBackup="true"
40-->src\main\AndroidManifest.xml:21:9-35
41        android:appComponentFactory="androidx.core.app.CoreComponentFactory"
41-->[androidx.core:core:1.13.1] AndroidManifest.xml:28:18-86
42        android:debuggable="true"
43        android:extractNativeLibs="false"
44        android:icon="@mipmap/ic_launcher"
44-->src\main\AndroidManifest.xml:22:9-43
45        android:label="@string/app_name"
45-->src\main\AndroidManifest.xml:23:9-41
46        android:roundIcon="@mipmap/ic_launcher_round"
46-->src\main\AndroidManifest.xml:24:9-54
47        android:supportsRtl="true"
47-->src\main\AndroidManifest.xml:25:9-35
48        android:theme="@style/AppTheme" >
48-->src\main\AndroidManifest.xml:26:9-40
49        <activity
49-->src\main\AndroidManifest.xml:28:9-39:20
50            android:name="com.tflite.DeteksipenyakittanamanMn.SplashScreen"
50-->src\main\AndroidManifest.xml:28:19-82
51            android:exported="true"
51-->src\main\AndroidManifest.xml:29:13-36
52            android:label="@string/app_name"
52-->src\main\AndroidManifest.xml:30:13-45
53            android:noHistory="true"
53-->src\main\AndroidManifest.xml:31:13-37
54            android:screenOrientation="portrait"
54-->src\main\AndroidManifest.xml:32:13-49
55            android:theme="@style/AppThemeSplashScreen" >
55-->src\main\AndroidManifest.xml:33:13-56
56            <intent-filter>
56-->src\main\AndroidManifest.xml:34:13-38:29
57                <action android:name="android.intent.action.MAIN" />
57-->src\main\AndroidManifest.xml:35:17-69
57-->src\main\AndroidManifest.xml:35:25-66
58
59                <category android:name="android.intent.category.LAUNCHER" />
59-->src\main\AndroidManifest.xml:37:17-77
59-->src\main\AndroidManifest.xml:37:27-74
60            </intent-filter>
61        </activity>
62        <activity
62-->src\main\AndroidManifest.xml:40:9-42:71
63            android:name="com.soundcloud.android.crop.CropImageActivity"
63-->src\main\AndroidManifest.xml:41:13-73
64            android:theme="@style/Theme.AppCompat.Light.NoActionBar" />
64-->src\main\AndroidManifest.xml:42:13-69
65        <activity android:name="com.tflite.DeteksipenyakittanamanMn.Tentang" />
65-->src\main\AndroidManifest.xml:43:9-80
65-->src\main\AndroidManifest.xml:43:19-77
66        <activity android:name="com.tflite.DeteksipenyakittanamanMn.Bantuan" />
66-->src\main\AndroidManifest.xml:44:9-80
66-->src\main\AndroidManifest.xml:44:19-77
67        <activity
67-->src\main\AndroidManifest.xml:45:9-47:20
68            android:name="com.tflite.DeteksipenyakittanamanMn.DeteksiDariGaleri"
68-->src\main\AndroidManifest.xml:45:19-87
69            android:screenOrientation="portrait" >
69-->src\main\AndroidManifest.xml:46:13-49
70        </activity>
71        <activity
71-->src\main\AndroidManifest.xml:48:9-51:20
72            android:name="com.tflite.DeteksipenyakittanamanMn.Pendeteksi"
72-->src\main\AndroidManifest.xml:48:19-80
73            android:colorMode="wideColorGamut"
73-->src\main\AndroidManifest.xml:50:13-47
74            android:screenOrientation="portrait" >
74-->src\main\AndroidManifest.xml:49:13-49
75        </activity>
76        <activity
76-->src\main\AndroidManifest.xml:52:9-54:20
77            android:name="com.tflite.DeteksipenyakittanamanMn.MainActivity"
77-->src\main\AndroidManifest.xml:52:19-82
78            android:screenOrientation="portrait" >
78-->src\main\AndroidManifest.xml:53:13-49
79        </activity>
80
81        <provider
81-->[androidx.emoji2:emoji2:1.3.0] AndroidManifest.xml:24:9-32:20
82            android:name="androidx.startup.InitializationProvider"
82-->[androidx.emoji2:emoji2:1.3.0] AndroidManifest.xml:25:13-67
83            android:authorities="com.tflite.DeteksipenyakittanamanMn.androidx-startup"
83-->[androidx.emoji2:emoji2:1.3.0] AndroidManifest.xml:26:13-68
84            android:exported="false" >
84-->[androidx.emoji2:emoji2:1.3.0] AndroidManifest.xml:27:13-37
85            <meta-data
85-->[androidx.emoji2:emoji2:1.3.0] AndroidManifest.xml:29:13-31:52
86                android:name="androidx.emoji2.text.EmojiCompatInitializer"
86-->[androidx.emoji2:emoji2:1.3.0] AndroidManifest.xml:30:17-75
87                android:value="androidx.startup" />
87-->[androidx.emoji2:emoji2:1.3.0] AndroidManifest.xml:31:17-49
88            <meta-data
88-->[androidx.lifecycle:lifecycle-process:2.6.2] AndroidManifest.xml:29:13-31:52
89                android:name="androidx.lifecycle.ProcessLifecycleInitializer"
89-->[androidx.lifecycle:lifecycle-process:2.6.2] AndroidManifest.xml:30:17-78
90                android:value="androidx.startup" />
90-->[androidx.lifecycle:lifecycle-process:2.6.2] AndroidManifest.xml:31:17-49
91            <meta-data
91-->[androidx.profileinstaller:profileinstaller:1.3.1] AndroidManifest.xml:29:13-31:52
92                android:name="androidx.profileinstaller.ProfileInstallerInitializer"
92-->[androidx.profileinstaller:profileinstaller:1.3.1] AndroidManifest.xml:30:17-85
93                android:value="androidx.startup" />
93-->[androidx.profileinstaller:profileinstaller:1.3.1] AndroidManifest.xml:31:17-49
94        </provider>
95
96        <receiver
96-->[androidx.profileinstaller:profileinstaller:1.3.1] AndroidManifest.xml:34:9-52:20
97            android:name="androidx.profileinstaller.ProfileInstallReceiver"
97-->[androidx.profileinstaller:profileinstaller:1.3.1] AndroidManifest.xml:35:13-76
98            android:directBootAware="false"
98-->[androidx.profileinstaller:profileinstaller:1.3.1] AndroidManifest.xml:36:13-44
99            android:enabled="true"
99-->[androidx.profileinstaller:profileinstaller:1.3.1] AndroidManifest.xml:37:13-35
100            android:exported="true"
100-->[androidx.profileinstaller:profileinstaller:1.3.1] AndroidManifest.xml:38:13-36
101            android:permission="android.permission.DUMP" >
101-->[androidx.profileinstaller:profileinstaller:1.3.1] AndroidManifest.xml:39:13-57
102            <intent-filter>
102-->[androidx.profileinstaller:profileinstaller:1.3.1] AndroidManifest.xml:40:13-42:29
103                <action android:name="androidx.profileinstaller.action.INSTALL_PROFILE" />
103-->[androidx.profileinstaller:profileinstaller:1.3.1] AndroidManifest.xml:41:17-91
103-->[androidx.profileinstaller:profileinstaller:1.3.1] AndroidManifest.xml:41:25-88
104            </intent-filter>
105            <intent-filter>
105-->[androidx.profileinstaller:profileinstaller:1.3.1] AndroidManifest.xml:43:13-45:29
106                <action android:name="androidx.profileinstaller.action.SKIP_FILE" />
106-->[androidx.profileinstaller:profileinstaller:1.3.1] AndroidManifest.xml:44:17-85
106-->[androidx.profileinstaller:profileinstaller:1.3.1] AndroidManifest.xml:44:25-82
107            </intent-filter>
108            <intent-filter>
108-->[androidx.profileinstaller:profileinstaller:1.3.1] AndroidManifest.xml:46:13-48:29
109                <action android:name="androidx.profileinstaller.action.SAVE_PROFILE" />
109-->[androidx.profileinstaller:profileinstaller:1.3.1] AndroidManifest.xml:47:17-88
109-->[androidx.profileinstaller:profileinstaller:1.3.1] AndroidManifest.xml:47:25-85
110            </intent-filter>
111            <intent-filter>
111-->[androidx.profileinstaller:profileinstaller:1.3.1] AndroidManifest.xml:49:13-51:29
112                <action android:name="androidx.profileinstaller.action.BENCHMARK_OPERATION" />
112-->[androidx.profileinstaller:profileinstaller:1.3.1] AndroidManifest.xml:50:17-95
112-->[androidx.profileinstaller:profileinstaller:1.3.1] AndroidManifest.xml:50:25-92
113            </intent-filter>
114        </receiver>
115    </application>
116
117</manifest>